<?xml version="1.0" encoding="UTF-8"?>
<!-- Generated by org.testng.reporters.JUnitXMLReporter -->
<testsuite ignored="0" hostname="DESKTOP-PM5M97U" failures="1" tests="2" name="Test" time="27.718" errors="0" timestamp="2022-08-04T20:03:05 IST">
  <testcase classname="pages.base" name="loginTest" time="7.959"/>
  <testcase classname="pages.base" name="addEmployee" time="9.005">
    <failure type="java.lang.AssertionError" message="failed expected [Personal Detail] but found [Personal Details]">
      <![CDATA[java.lang.AssertionError: failed expected [Personal Detail] but found [Personal Details]
at pages.base.addEmployee(base.java:43)
at java.base/java.util.ArrayList.forEach(ArrayList.java:1511)
... Removed 33 stack frames]]>
    </failure>
  </testcase> <!-- addEmployee -->
</testsuite> <!-- Test -->
